\BOOKMARK [1][-]{section.0.1}{\376\377\000I\000n\000t\000r\000o\000d\000u\000c\000t\000i\000o\000n}{}% 1
\BOOKMARK [1][-]{section.0.2}{\376\377\000P\000r\000\351\000s\000e\000n\000t\000a\000t\000i\000o\000n\000\040\000d\000e\000\040\000l\000'\000e\000n\000t\000r\000e\000p\000r\000i\000s\000e}{}% 2
\BOOKMARK [2][-]{subsection.0.2.1}{\376\377\000H\000i\000s\000t\000o\000r\000i\000q\000u\000e}{section.0.2}% 3
\BOOKMARK [2][-]{subsection.0.2.2}{\376\377\000U\000n\000\040\000m\000a\000r\000c\000h\000\351\000\040\000i\000n\000t\000e\000r\000n\000a\000t\000i\000o\000n\000a\000l}{section.0.2}% 4
\BOOKMARK [2][-]{subsection.0.2.3}{\376\377\000O\000r\000g\000a\000n\000i\000s\000a\000t\000i\000o\000n}{section.0.2}% 5
\BOOKMARK [1][-]{section.0.3}{\376\377\000P\000r\000e\000m\000i\000\350\000r\000e\000\040\000m\000i\000s\000s\000i\000o\000n\000\040\000:\000\040\000P\000r\000o\000j\000e\000t\000\040\000F\000l\000e\000m\000a\000l\000l\000e}{}% 6
\BOOKMARK [2][-]{subsection.0.3.1}{\376\377\000I\000n\000t\000r\000o\000d\000u\000c\000t\000i\000o\000n\000\040\000d\000u\000\040\000p\000r\000o\000j\000e\000t}{section.0.3}% 7
\BOOKMARK [2][-]{subsection.0.3.2}{\376\377\000I\000d\000e\000n\000t\000i\000f\000i\000c\000a\000t\000i\000o\000n}{section.0.3}% 8
\BOOKMARK [3][-]{subsubsection.0.3.2.1}{\376\377\000B\000o\000u\000c\000l\000e\000s}{subsection.0.3.2}% 9
\BOOKMARK [3][-]{subsubsection.0.3.2.2}{\376\377\000\311\000q\000u\000i\000p\000e\000m\000e\000n\000t\000s}{subsection.0.3.2}% 10
\BOOKMARK [3][-]{subsubsection.0.3.2.3}{\376\377\000C\000o\000d\000e\000\040\000K\000K\000S}{subsection.0.3.2}% 11
\BOOKMARK [3][-]{subsubsection.0.3.2.4}{\376\377\000S\000i\000g\000n\000a\000u\000x\000\040\000d\000e\000\040\000c\000o\000n\000t\000r\000\364\000l\000e}{subsection.0.3.2}% 12
\BOOKMARK [3][-]{subsubsection.0.3.2.5}{\376\377\000L\000o\000c\000a\000l\000i\000s\000a\000t\000i\000o\000n\000\040\000d\000e\000s\000\040\000c\000a\000r\000t\000e\000s\000\040\000E\000/\000S}{subsection.0.3.2}% 13
\BOOKMARK [2][-]{subsection.0.3.3}{\376\377\000R\000\351\000a\000l\000i\000s\000a\000t\000i\000o\000n\000\040\000d\000e\000\040\000l\000a\000\040\000l\000i\000s\000t\000e\000\040\000d\000e\000\040\000s\000i\000g\000n\000a\000u\000x}{section.0.3}% 14
\BOOKMARK [3][-]{subsubsection.0.3.3.1}{\376\377\000L\000o\000g\000i\000c\000i\000e\000l\000\040\000S\000i\000g\000r\000a\000p\000h}{subsection.0.3.3}% 15
\BOOKMARK [3][-]{subsubsection.0.3.3.2}{\376\377\000C\000o\000l\000o\000n\000n\000e\000s\000\040\000s\000u\000p\000p\000l\000\351\000m\000e\000n\000t\000a\000i\000r\000e\000s\000\040\000p\000o\000s\000t\000\040\000S\000i\000g\000r\000a\000p\000h}{subsection.0.3.3}% 16
\BOOKMARK [3][-]{subsubsection.0.3.3.3}{\376\377\000A\000j\000o\000u\000t\000\040\000d\000e\000s\000\040\000P\000L\000C}{subsection.0.3.3}% 17
\BOOKMARK [2][-]{subsection.0.3.4}{\376\377\000F\000o\000n\000c\000t\000i\000o\000n\000n\000e\000m\000e\000n\000t\000\040\000l\000o\000g\000i\000q\000u\000e}{section.0.3}% 18
\BOOKMARK [3][-]{subsubsection.0.3.4.1}{\376\377\000D\000i\000a\000g\000r\000a\000m\000m\000e\000\040\000d\000e\000\040\000c\000o\000n\000t\000r\000\364\000l\000e\000\040\000l\000o\000g\000i\000q\000u\000e}{subsection.0.3.4}% 19
\BOOKMARK [1][-]{section.0.4}{\376\377\000A\000u\000t\000r\000e\000s\000\040\000M\000i\000s\000s\000i\000o\000n\000s\000:\000\040\000P\000r\000o\000j\000e\000t\000\040\000N\000o\000r\000t\000h\000\040\000L\000o\000n\000d\000o\000n}{}% 20
\BOOKMARK [2][-]{subsection.0.4.1}{\376\377\000I\000n\000t\000r\000o\000d\000u\000c\000t\000i\000o\000n}{section.0.4}% 21
\BOOKMARK [2][-]{subsection.0.4.2}{\376\377\000H\000i\000\351\000r\000a\000r\000c\000h\000i\000e\000\040\000d\000e\000s\000\040\000g\000r\000o\000u\000p\000e\000s\000\040\000f\000o\000n\000c\000t\000i\000o\000n\000n\000e\000l}{section.0.4}% 22
\BOOKMARK [2][-]{subsection.0.4.3}{\376\377\000D\000e\000s\000c\000r\000i\000p\000t\000i\000o\000n\000\040\000F\000o\000n\000c\000t\000i\000o\000n\000n\000e\000l\000l\000e}{section.0.4}% 23
\BOOKMARK [1][-]{section.0.5}{\376\377\000C\000o\000n\000c\000l\000u\000s\000i\000o\000n}{}% 24
\BOOKMARK [1][-]{section.0.6}{\376\377\000L\000i\000s\000t\000e\000\040\000d\000e\000s\000\040\000F\000i\000g\000u\000r\000e\000s}{}% 25
\BOOKMARK [1][-]{section.0.7}{\376\377\000L\000i\000s\000t\000e\000\040\000d\000e\000s\000\040\000T\000a\000b\000l\000e\000s}{}% 26
\BOOKMARK [1][-]{section.0.8}{\376\377\000B\000i\000b\000l\000i\000o\000g\000r\000a\000p\000h\000i\000e}{}% 27
