\BOOKMARK [2][-]{subsection.0.0.1}{\376\377\000c\000o\000n\000v\000e\000r\000g\000e\000n\000c\000e\000\040\000i\000n\000\040\000t\000h\000e\000\040\000s\000p\000a\000c\000e\000\040\000o\000f\000\040\000t\000e\000s\000t\000\040\000f\000u\000n\000c\000t\000i\000o\000n\000\040\000D}{}% 1
\BOOKMARK [2][-]{subsection.0.0.2}{\376\377\000C\000o\000n\000t\000i\000n\000u\000o\000u\000s\000\040\000a\000n\000d\000\040\000l\000i\000n\000e\000a\000r\000\040\000f\000u\000n\000c\000t\000i\000o\000n\000a\000l\000\040\000T\000\040\000o\000n\000\040\000D}{}% 2
\BOOKMARK [2][-]{subsection.0.0.3}{\376\377\000D\000i\000s\000t\000r\000i\000b\000u\000t\000i\000o\000n\000\040\000s\000p\000a\000c\000e\000\040\000D\000'}{}% 3
\BOOKMARK [2][-]{subsection.0.0.4}{\376\377\000D\000i\000s\000t\000r\000i\000b\000u\000t\000i\000o\000n\000:\000\040\000b\000a\000s\000i\000c\000\040\000i\000d\000e\000a\000?}{}% 4
\BOOKMARK [3][-]{subsubsection.0.0.4.1}{\376\377\000C\000a\000u\000c\000h\000y\000\040\000p\000r\000i\000n\000c\000i\000p\000a\000l\000\040\000v\000a\000l\000u\000e}{subsection.0.0.4}% 5
\BOOKMARK [1][-]{section.0.1}{\376\377\000C\000h\000a\000p\000t\000e\000r\000\040\0003\000:\000\040\000C\000o\000n\000v\000o\000l\000u\000t\000i\000o\000n}{}% 6
\BOOKMARK [2][-]{subsection.0.1.1}{\376\377\000I\000n\000t\000r\000o\000d\000u\000c\000t\000i\000o\000n}{section.0.1}% 7
\BOOKMARK [3][-]{subsubsection.0.1.1.1}{\376\377\000P\000S\000F}{subsection.0.1.1}% 8
\BOOKMARK [1][-]{section.0.2}{\376\377\000C\000h\000a\000p\000t\000e\000r\000\040\0004\000:\000\040\000C\000o\000n\000v\000o\000l\000u\000t\000i\000o\000n\000\040\000E\000q\000u\000a\000t\000i\000o\000n\000s}{}% 9
\BOOKMARK [2][-]{subsection.0.2.1}{\376\377\000D\000e\000f\000i\000n\000i\000t\000i\000o\000n}{section.0.2}% 10
\BOOKMARK [2][-]{subsection.0.2.2}{\376\377\000a\000n\000\040\000i\000n\000v\000e\000r\000s\000e\000\040\000f\000u\000n\000c\000t\000i\000o\000n}{section.0.2}% 11
\BOOKMARK [2][-]{subsection.0.2.3}{\376\377\000H\000o\000m\000o\000g\000e\000n\000e\000o\000u\000s\000\040\000s\000o\000l\000u\000t\000i\000o\000n}{section.0.2}% 12
\BOOKMARK [2][-]{subsection.0.2.4}{\376\377\000T\000h\000e\000\040\000G\000r\000e\000e\000n\000\040\000f\000u\000n\000c\000t\000i\000o\000n}{section.0.2}% 13
\BOOKMARK [2][-]{subsection.0.2.5}{\376\377\000A\000p\000p\000l\000i\000c\000a\000t\000i\000o\000n\000\040\000t\000o\000\040\000a\000n\000\040\000o\000r\000d\000i\000n\000a\000r\000y\000\040\000l\000i\000n\000e\000a\000r\000\040\000d\000i\000f\000f\000e\000r\000e\000n\000t\000i\000a\000l\000\040\000e\000q\000u\000a\000t\000i\000o\000n\000\040\000w\000i\000t\000h\000\040\000c\000o\000n\000s\000t\000a\000n\000t\000\040\000c\000o\000e\000f\000f\000i\000c\000i\000e\000n\000t\000s}{section.0.2}% 14
\BOOKMARK [2][-]{subsection.0.2.6}{\376\377\000I\000n\000t\000e\000g\000r\000a\000l\000\040\000e\000q\000u\000a\000t\000i\000o\000n}{section.0.2}% 15
\BOOKMARK [2][-]{subsection.0.2.7}{\376\377\000C\000o\000n\000c\000l\000u\000s\000i\000o\000n}{section.0.2}% 16
\BOOKMARK [2][-]{subsection.0.2.8}{\376\377\000F\000o\000u\000r\000i\000e\000r\000\040\000t\000r\000a\000n\000s\000f\000o\000r\000m\000\040\000o\000f\000\040\000d\000i\000s\000t\000r\000i\000b\000u\000t\000i\000o\000n\000s}{section.0.2}% 17
\BOOKMARK [2][-]{subsection.0.2.9}{\376\377\000T\000h\000e\000\040\000n\000-\000t\000h\000\040\000d\000i\000m\000e\000n\000s\000i\000o\000n\000a\000l\000\040\000c\000a\000s\000e}{section.0.2}% 18
\BOOKMARK [1][-]{section.0.3}{\376\377\000I\000n\000t\000r\000o\000d\000u\000c\000t\000i\000o\000n\000\040\000t\000o\000\040\000w\000a\000v\000e\000l\000e\000t\000\040\000t\000r\000a\000n\000s\000f\000o\000r\000m}{}% 19
\BOOKMARK [2][-]{subsection.0.3.1}{\376\377\000I\000n\000t\000r\000o\000d\000u\000c\000t\000i\000o\000n}{section.0.3}% 20
\BOOKMARK [2][-]{subsection.0.3.2}{\376\377\000W\000i\000n\000d\000o\000w\000i\000n\000g\000:\000\040\000t\000h\000e\000\040\000s\000h\000o\000r\000t\000\040\000t\000i\000m\000e\000\040\000F\000o\000u\000r\000i\000e\000r\000\040\000t\000r\000a\000n\000s\000f\000o\000r\000m}{section.0.3}% 21
\BOOKMARK [3][-]{subsubsection.0.3.2.1}{\376\377\000c\000h\000o\000o\000s\000i\000n\000g\000\040\000t\000h\000e\000\040\000r\000i\000g\000h\000t\000\040\000w\000i\000d\000t\000h}{subsection.0.3.2}% 22
