This is pdfTeX, Version 3.141592653-2.6-1.40.24 (TeX Live 2022/Debian) (preloaded format=pdflatex 2024.1.23)  15 FEB 2024 11:00
entering extended mode
 restricted \write18 enabled.
 file:line:error style messages enabled.
 %&-line parsing enabled.
**/workspaces/Latex/iut/os25/main.tex
(/workspaces/Latex/iut/os25/main.tex
LaTeX2e <2022-11-01> patch level 1
L3 programming layer <2023-01-16> (/usr/share/texlive/texmf-dist/tex/latex/base/book.cls
Document Class: book 2022/07/02 v1.4n Standard LaTeX document class
(/usr/share/texlive/texmf-dist/tex/latex/base/bk11.clo
File: bk11.clo 2022/07/02 v1.4n Standard LaTeX file (size option)
)
\c@part=\count185
\c@chapter=\count186
\c@section=\count187
\c@subsection=\count188
\c@subsubsection=\count189
\c@paragraph=\count190
\c@subparagraph=\count191
\c@figure=\count192
\c@table=\count193
\abovecaptionskip=\skip48
\belowcaptionskip=\skip49
\bibindent=\dimen140
)

! LaTeX Error: File `~/projects/common/style.tex' not found.

Type X to quit or <RETURN> to proceed,
or enter new name. (Default extension: tex)

Enter file name: 
/workspaces/Latex/iut/os25/main.tex:22: Emergency stop.
<read *> 
         
l.22 \input{\string~/projects/common/style.tex}
                                               ^^M
*** (cannot \read from terminal in nonstop modes)

 
Here is how much of TeX's memory you used:
 266 strings out of 478051
 3292 string characters out of 5840943
 1849330 words of memory out of 5000000
 20484 multiletter control sequences out of 15000+600000
 512587 words of font info for 33 fonts, out of 8000000 for 9000
 14 hyphenation exceptions out of 8191
 32i,0n,38p,146b,36s stack positions out of 10000i,1000n,20000p,200000b,200000s
/workspaces/Latex/iut/os25/main.tex:22:  ==> Fatal error occurred, no output PDF file produced!
